<?xml version="1.0" encoding="UTF-8"?>
<testsuite xmlns:xsi="http://www.w3.org/2001/XMLSchema-instance" xsi:noNamespaceSchemaLocation="https://maven.apache.org/surefire/maven-surefire-plugin/xsd/surefire-test-report-3.0.xsd" version="3.0" name="com.coen448.RobotTest" time="0.086" tests="12" errors="0" skipped="0" failures="0">
  <properties>
    <property name="java.specification.version" value="17"/>
    <property name="sonar.login" value="admin"/>
    <property name="sonar.host.url" value="http://localhost:25000"/>
    <property name="sun.jnu.encoding" value="UTF-8"/>
    <property name="java.class.path" value="/home/adam/Documents/COEN448/COEN-448-Project/target/test-classes:/home/adam/Documents/COEN448/COEN-448-Project/target/classes:/home/adam/.m2/repository/com/github/stefanbirkner/system-rules/1.19.0/system-rules-1.19.0.jar:/home/adam/.m2/repository/junit/junit/4.11-beta-1/junit-4.11-beta-1.jar:/home/adam/.m2/repository/org/hamcrest/hamcrest-core/1.3/hamcrest-core-1.3.jar:/home/adam/.m2/repository/org/mockito/mockito-all/2.0.2-beta/mockito-all-2.0.2-beta.jar:/home/adam/.m2/repository/org/junit/jupiter/junit-jupiter-api/5.6.0/junit-jupiter-api-5.6.0.jar:/home/adam/.m2/repository/org/apiguardian/apiguardian-api/1.1.0/apiguardian-api-1.1.0.jar:/home/adam/.m2/repository/org/opentest4j/opentest4j/1.2.0/opentest4j-1.2.0.jar:/home/adam/.m2/repository/org/junit/platform/junit-platform-commons/1.6.0/junit-platform-commons-1.6.0.jar:/home/adam/.m2/repository/org/junit/jupiter/junit-jupiter-engine/5.6.0/junit-jupiter-engine-5.6.0.jar:/home/adam/.m2/repository/org/junit/platform/junit-platform-engine/1.6.0/junit-platform-engine-1.6.0.jar:"/>
    <property name="java.vm.vendor" value="Oracle Corporation"/>
    <property name="sun.arch.data.model" value="64"/>
    <property name="java.vendor.url" value="https://java.oracle.com/"/>
    <property name="os.name" value="Linux"/>
    <property name="java.vm.specification.version" value="17"/>
    <property name="sun.java.launcher" value="SUN_STANDARD"/>
    <property name="user.country" value="US"/>
    <property name="sonar.password" value="root"/>
    <property name="sun.boot.library.path" value="/usr/lib/jvm/java-17-jdk/lib"/>
    <property name="sun.java.command" value="/home/adam/Documents/COEN448/COEN-448-Project/target/surefire/surefirebooter6740518639749029682.jar /home/adam/Documents/COEN448/COEN-448-Project/target/surefire 2022-04-07T14-35-48_093-jvmRun1 surefire15315767621058777311tmp surefire_013096507308600345792tmp"/>
    <property name="jdk.debug" value="release"/>
    <property name="surefire.test.class.path" value="/home/adam/Documents/COEN448/COEN-448-Project/target/test-classes:/home/adam/Documents/COEN448/COEN-448-Project/target/classes:/home/adam/.m2/repository/com/github/stefanbirkner/system-rules/1.19.0/system-rules-1.19.0.jar:/home/adam/.m2/repository/junit/junit/4.11-beta-1/junit-4.11-beta-1.jar:/home/adam/.m2/repository/org/hamcrest/hamcrest-core/1.3/hamcrest-core-1.3.jar:/home/adam/.m2/repository/org/mockito/mockito-all/2.0.2-beta/mockito-all-2.0.2-beta.jar:/home/adam/.m2/repository/org/junit/jupiter/junit-jupiter-api/5.6.0/junit-jupiter-api-5.6.0.jar:/home/adam/.m2/repository/org/apiguardian/apiguardian-api/1.1.0/apiguardian-api-1.1.0.jar:/home/adam/.m2/repository/org/opentest4j/opentest4j/1.2.0/opentest4j-1.2.0.jar:/home/adam/.m2/repository/org/junit/platform/junit-platform-commons/1.6.0/junit-platform-commons-1.6.0.jar:/home/adam/.m2/repository/org/junit/jupiter/junit-jupiter-engine/5.6.0/junit-jupiter-engine-5.6.0.jar:/home/adam/.m2/repository/org/junit/platform/junit-platform-engine/1.6.0/junit-platform-engine-1.6.0.jar:"/>
    <property name="sun.cpu.endian" value="little"/>
    <property name="user.home" value="/home/adam"/>
    <property name="user.language" value="en"/>
    <property name="java.specification.vendor" value="Oracle Corporation"/>
    <property name="java.version.date" value="2022-01-18"/>
    <property name="java.home" value="/usr/lib/jvm/java-17-jdk"/>
    <property name="file.separator" value="/"/>
    <property name="basedir" value="/home/adam/Documents/COEN448/COEN-448-Project"/>
    <property name="java.vm.compressedOopsMode" value="Zero based"/>
    <property name="line.separator" value="&#10;"/>
    <property name="java.specification.name" value="Java Platform API Specification"/>
    <property name="java.vm.specification.vendor" value="Oracle Corporation"/>
    <property name="surefire.real.class.path" value="/home/adam/Documents/COEN448/COEN-448-Project/target/surefire/surefirebooter6740518639749029682.jar"/>
    <property name="sun.management.compiler" value="HotSpot 64-Bit Tiered Compilers"/>
    <property name="java.runtime.version" value="17.0.2+8-LTS-86"/>
    <property name="user.name" value="adam"/>
    <property name="path.separator" value=":"/>
    <property name="os.version" value="5.16.11-2-MANJARO"/>
    <property name="java.runtime.name" value="Java(TM) SE Runtime Environment"/>
    <property name="file.encoding" value="UTF-8"/>
    <property name="java.vm.name" value="Java HotSpot(TM) 64-Bit Server VM"/>
    <property name="localRepository" value="/home/adam/.m2/repository"/>
    <property name="java.vendor.url.bug" value="https://bugreport.java.com/bugreport/"/>
    <property name="java.io.tmpdir" value="/tmp"/>
    <property name="java.version" value="17.0.2"/>
    <property name="user.dir" value="/home/adam/Documents/COEN448/COEN-448-Project"/>
    <property name="os.arch" value="amd64"/>
    <property name="java.vm.specification.name" value="Java Virtual Machine Specification"/>
    <property name="native.encoding" value="UTF-8"/>
    <property name="sonar.projectKey" value="com.coen448:task1"/>
    <property name="java.library.path" value="/usr/java/packages/lib:/usr/lib64:/lib64:/lib:/usr/lib"/>
    <property name="java.vm.info" value="mixed mode, sharing"/>
    <property name="java.vendor" value="Oracle Corporation"/>
    <property name="java.vm.version" value="17.0.2+8-LTS-86"/>
    <property name="sun.io.unicode.encoding" value="UnicodeLittle"/>
    <property name="java.class.version" value="61.0"/>
  </properties>
  <testcase name="checkMovePenDown" classname="com.coen448.RobotTest" time="0.048">
    <system-out><![CDATA[Cannot move that far in this direction
Cannot move that far in this direction
Cannot move that far in this direction
Cannot move that far in this direction
]]></system-out>
  </testcase>
  <testcase name="checkTurnLeft" classname="com.coen448.RobotTest" time="0.001"/>
  <testcase name="checkMovePenUp" classname="com.coen448.RobotTest" time="0.001">
    <system-out><![CDATA[Cannot move that far in this direction
]]></system-out>
  </testcase>
  <testcase name="checkPenDown" classname="com.coen448.RobotTest" time="0.002"/>
  <testcase name="shouldCreateInit" classname="com.coen448.RobotTest" time="0.005"/>
  <testcase name="checkPrintInfo" classname="com.coen448.RobotTest" time="0.002">
    <system-out><![CDATA[Cannot move that far in this direction
]]></system-out>
  </testcase>
  <testcase name="checkPathCoverage2" classname="com.coen448.RobotTest" time="0.001"/>
  <testcase name="checkPathCoverage3" classname="com.coen448.RobotTest" time="0.001"/>
  <testcase name="shouldCheckPen" classname="com.coen448.RobotTest" time="0"/>
  <testcase name="checkHistory" classname="com.coen448.RobotTest" time="0.001"/>
  <testcase name="checkPrintFloor" classname="com.coen448.RobotTest" time="0.001"/>
  <testcase name="checkTurnRight" classname="com.coen448.RobotTest" time="0"/>
</testsuite>